<?xml version="1.0" encoding="UTF-8"?>
<testng-results ignored="0" total="2" passed="2" failed="0" skipped="0">
  <reporter-output>
  </reporter-output>
  <suite started-at="2023-03-28T15:23:49 IST" name="Default suite" finished-at="2023-03-28T15:23:59 IST" duration-ms="9684">
    <groups>
    </groups>
    <test started-at="2023-03-28T15:23:49 IST" name="Default test" finished-at="2023-03-28T15:23:59 IST" duration-ms="9684">
      <class name="com.tricentis.Testcases.HomePageTest">
        <test-method is-config="true" signature="setUp()[pri:0, instance:com.tricentis.Testcases.HomePageTest@72057ecf]" started-at="2023-03-28T15:23:49 IST" name="setUp" finished-at="2023-03-28T15:23:53 IST" duration-ms="3937" status="PASS">
          <reporter-output>
          </reporter-output>
        </test-method> <!-- setUp -->
        <test-method signature="validateHomePageTitle()[pri:0, instance:com.tricentis.Testcases.HomePageTest@72057ecf]" started-at="2023-03-28T15:23:53 IST" name="validateHomePageTitle" finished-at="2023-03-28T15:23:53 IST" duration-ms="11" status="PASS">
          <reporter-output>
          </reporter-output>
        </test-method> <!-- validateHomePageTitle -->
        <test-method is-config="true" signature="tearDown()[pri:0, instance:com.tricentis.Testcases.HomePageTest@72057ecf]" started-at="2023-03-28T15:23:53 IST" name="tearDown" finished-at="2023-03-28T15:23:53 IST" duration-ms="101" status="PASS">
          <reporter-output>
          </reporter-output>
        </test-method> <!-- tearDown -->
        <test-method is-config="true" signature="setUp()[pri:0, instance:com.tricentis.Testcases.HomePageTest@72057ecf]" started-at="2023-03-28T15:23:53 IST" name="setUp" finished-at="2023-03-28T15:23:59 IST" duration-ms="5489" status="PASS">
          <reporter-output>
          </reporter-output>
        </test-method> <!-- setUp -->
        <test-method signature="validateHomepageLnks()[pri:0, instance:com.tricentis.Testcases.HomePageTest@72057ecf]" started-at="2023-03-28T15:23:59 IST" name="validateHomepageLnks" finished-at="2023-03-28T15:23:59 IST" duration-ms="26" status="PASS">
          <reporter-output>
          </reporter-output>
        </test-method> <!-- validateHomepageLnks -->
        <test-method is-config="true" signature="tearDown()[pri:0, instance:com.tricentis.Testcases.HomePageTest@72057ecf]" started-at="2023-03-28T15:23:59 IST" name="tearDown" finished-at="2023-03-28T15:23:59 IST" duration-ms="83" status="PASS">
          <reporter-output>
          </reporter-output>
        </test-method> <!-- tearDown -->
      </class> <!-- com.tricentis.Testcases.HomePageTest -->
    </test> <!-- Default test -->
  </suite> <!-- Default suite -->
</testng-results>
