<?xml version="1.0" encoding="UTF-8"?>
<testng-results ignored="0" total="1" passed="1" failed="0" skipped="0">
  <reporter-output>
  </reporter-output>
  <suite started-at="2023-04-10T15:37:38 IST" name="Default suite" finished-at="2023-04-10T15:37:46 IST" duration-ms="8470">
    <groups>
    </groups>
    <test started-at="2023-04-10T15:37:38 IST" name="Default test" finished-at="2023-04-10T15:37:46 IST" duration-ms="8470">
      <class name="com.tricentis.Testcases.SendQuoteTest">
        <test-method is-config="true" signature="setUp()[pri:0, instance:com.tricentis.Testcases.SendQuoteTest@6eda5c9]" started-at="2023-04-10T15:37:38 IST" name="setUp" finished-at="2023-04-10T15:37:41 IST" duration-ms="3901" status="PASS">
          <reporter-output>
          </reporter-output>
        </test-method> <!-- setUp -->
        <test-method signature="QuoteTest()[pri:0, instance:com.tricentis.Testcases.SendQuoteTest@6eda5c9]" started-at="2023-04-10T15:37:41 IST" name="QuoteTest" finished-at="2023-04-10T15:37:46 IST" duration-ms="4529" status="PASS">
          <reporter-output>
          </reporter-output>
        </test-method> <!-- QuoteTest -->
      </class> <!-- com.tricentis.Testcases.SendQuoteTest -->
    </test> <!-- Default test -->
  </suite> <!-- Default suite -->
</testng-results>
